<?xml version="1.0" encoding="UTF-8"?>
<testsuite name="jrails.ViewTest" tests="1" skipped="0" failures="0" errors="0" timestamp="2023-11-22T01:42:54" hostname="tufts-wifi-10-5-1-227.eecs.tufts.edu" time="0.005">
  <properties/>
  <testcase name="test1" classname="jrails.ViewTest" time="0.005"/>
  <system-out><![CDATA[<p><strong>Title:</strong>Programming Languages: Build, Prove, and Compare</p><p><strong>Author:</strong>Norman Ramsey</p><p><strong>Copies:</strong>999</p><a href="/edit?id=0">Edit</a> | <a href="/">Back</a>
]]></system-out>
  <system-err><![CDATA[]]></system-err>
</testsuite>
